arch/x86/boot/cmdline.c:137 __cmdline_find_option_bool() error: potential NULL dereference 'opptr'.
arch/x86/boot/cmdline.c:62 __cmdline_find_option() error: potential NULL dereference 'opptr'.
arch/x86/boot/compressed/../../../../lib/zlib_inflate/inftrees.c:240 zlib_inflate_table() error: buffer overflow 'count' 16 <= 16
arch/x86/boot/compressed/../../../../lib/zlib_inflate/inftrees.c:240 zlib_inflate_table() error: buffer overflow 'count' 16 <= 16
arch/x86/boot/compressed/../../../../lib/zlib_inflate/inftrees.c:258 zlib_inflate_table() error: buffer overflow 'count' 16 <= 16
arch/x86/boot/compressed/../cmdline.c:137 __cmdline_find_option_bool() error: potential NULL dereference 'opptr'.
arch/x86/boot/compressed/../cmdline.c:62 __cmdline_find_option() error: potential NULL dereference 'opptr'.
arch/x86/include/asm/stacktrace.h:112 caller_frame_pointer() error: potentially derefencing uninitialized 'frame'.
arch/x86/include/asm/stacktrace.h:112 caller_frame_pointer() error: potentially derefencing uninitialized 'frame'.
arch/x86/include/asm/stacktrace.h:112 caller_frame_pointer() error: potentially derefencing uninitialized 'frame'.
arch/x86/include/asm/stacktrace.h:112 caller_frame_pointer() error: potentially derefencing uninitialized 'frame'.
arch/x86/include/asm/stacktrace.h:112 caller_frame_pointer() error: potentially derefencing uninitialized 'frame'.
arch/x86/include/asm/stacktrace.h:112 caller_frame_pointer() error: potentially derefencing uninitialized 'frame'.
arch/x86/include/asm/stacktrace.h:112 caller_frame_pointer() error: potentially derefencing uninitialized 'frame'.
arch/x86/include/asm/stacktrace.h:112 caller_frame_pointer() error: potentially derefencing uninitialized 'frame'.
arch/x86/include/asm/stacktrace.h:112 caller_frame_pointer() error: potentially derefencing uninitialized 'frame'.
arch/x86/include/asm/stacktrace.h:112 caller_frame_pointer() error: potentially derefencing uninitialized 'frame'.
arch/x86/include/asm/stacktrace.h:112 caller_frame_pointer() error: potentially derefencing uninitialized 'frame'.
arch/x86/include/asm/stacktrace.h:112 caller_frame_pointer() error: potentially derefencing uninitialized 'frame'.
arch/x86/include/asm/stacktrace.h:112 caller_frame_pointer() error: potentially derefencing uninitialized 'frame'.
arch/x86/include/asm/stacktrace.h:112 caller_frame_pointer() error: potentially derefencing uninitialized 'frame'.
arch/x86/include/asm/stacktrace.h:112 caller_frame_pointer() error: potentially derefencing uninitialized 'frame'.
arch/x86/include/asm/stacktrace.h:112 caller_frame_pointer() error: potentially derefencing uninitialized 'frame'.
arch/x86/include/asm/stacktrace.h:112 caller_frame_pointer() error: potentially derefencing uninitialized 'frame'.
arch/x86/include/asm/stacktrace.h:112 caller_frame_pointer() error: potentially derefencing uninitialized 'frame'.
arch/x86/include/asm/stacktrace.h:112 caller_frame_pointer() error: potentially derefencing uninitialized 'frame'.
arch/x86/include/asm/stacktrace.h:112 caller_frame_pointer() error: potentially derefencing uninitialized 'frame'.
arch/x86/include/asm/stacktrace.h:112 caller_frame_pointer() error: potentially derefencing uninitialized 'frame'.
arch/x86/include/asm/stacktrace.h:112 caller_frame_pointer() error: potentially derefencing uninitialized 'frame'.
arch/x86/include/asm/stacktrace.h:112 caller_frame_pointer() error: potentially derefencing uninitialized 'frame'.
arch/x86/include/asm/stacktrace.h:112 caller_frame_pointer() error: potentially derefencing uninitialized 'frame'.
arch/x86/include/asm/stacktrace.h:112 caller_frame_pointer() error: potentially derefencing uninitialized 'frame'.
arch/x86/include/asm/stacktrace.h:112 caller_frame_pointer() error: potentially derefencing uninitialized 'frame'.
arch/x86/include/asm/stacktrace.h:112 caller_frame_pointer() error: potentially derefencing uninitialized 'frame'.
arch/x86/include/asm/stacktrace.h:112 caller_frame_pointer() error: potentially derefencing uninitialized 'frame'.
arch/x86/include/asm/stacktrace.h:112 caller_frame_pointer() error: potentially derefencing uninitialized 'frame'.
arch/x86/include/asm/stacktrace.h:112 caller_frame_pointer() error: potentially derefencing uninitialized 'frame'.
arch/x86/include/asm/stacktrace.h:112 caller_frame_pointer() error: potentially derefencing uninitialized 'frame'.
arch/x86/include/asm/stacktrace.h:112 caller_frame_pointer() error: potentially derefencing uninitialized 'frame'.
arch/x86/kernel/cpu/mcheck/mce.c:1178 mce_notify_process() error: we previously assumed 'mi' could be null (see line 1176)
arch/x86/kernel/smpboot.c:716 do_boot_cpu() error: we previously assumed 'c_idle.idle' could be null (see line 685)
block/blk-core.c:1419 blk_queue_bio() error: double lock 'irq:'
block/blk-core.c:1419 blk_queue_bio() error: double lock 'spin_lock:q->queue_lock'
block/blk-core.c:2856 blk_flush_plug_list() error: potential NULL dereference 'q'.
block/blk-core.c:916 get_request() error: we previously assumed 'ioc' could be null (see line 809)
block/blk-merge.c:137 blk_rq_map_sg() error: potential NULL dereference 'sg'.
block/blk-merge.c:41 __blk_recalc_rq_segments() error: potential NULL dereference 'bvprv'.
block/genhd.c:1093 disk_expand_part_tbl() error: we previously assumed 'old_ptbl' could be null (see line 1073)
block/genhd.c:1388:10: error: bad integer constant expression
block/genhd.c:1389:10: error: bad integer constant expression
block/genhd.c:1393:10: error: bad integer constant expression
block/genhd.c:1394:10: error: bad integer constant expression
crypto/cbc.c:149:20: error: bad constant expression
crypto/cipher.c:70:24: error: bad constant expression
crypto/hmac.c:57:47: error: bad constant expression
crypto/shash.c:117:40: error: bad constant expression
crypto/shash.c:117:40: error: bad constant expression
crypto/shash.c:81:40: error: bad constant expression
crypto/shash.c:81:40: error: bad constant expression
drivers/acpi/acpica/dsmethod.c:225 acpi_ds_begin_method_execution() error: we previously assumed 'obj_desc->method.mutex' could be null (see line 209)
drivers/acpi/video.c:1713 acpi_video_bus_add() error: don't call input_free_device() after input_unregister_device()
drivers/ata/ata_piix.c:1367 piix_init_sata_map() error: buffer overflow 'map' 4 <= 4
drivers/ata/libata-core.c:5723 ata_host_alloc_pinfo() error: potential NULL dereference 'pi'.
drivers/ata/libata-core.c:5906 ata_host_start() error: we previously assumed 'host->ops' could be null (see line 5899)
drivers/base/dd.c:574 dev_set_drvdata() error: we previously assumed 'dev->p' could be null (see line 569)
drivers/bluetooth/ath3k.c:262 ath3k_set_normal_mode() error: doing dma on the stack ((null))
drivers/bluetooth/ath3k.c:287 ath3k_load_patch() error: doing dma on the stack ((null))
drivers/bluetooth/ath3k.c:298 ath3k_load_patch() error: doing dma on the stack ((null))
drivers/bluetooth/ath3k.c:338 ath3k_load_syscfg() error: doing dma on the stack ((null))
drivers/bluetooth/ath3k.c:344 ath3k_load_syscfg() error: doing dma on the stack ((null))
drivers/char/ramoops.c:295 ramoops_probe() error: we previously assumed 'pdata' could be null (see line 287)
drivers/char/tpm/tpm.c:534 tpm_calc_ordinal_duration() error: buffer overflow 'tpm_protected_ordinal_duration' 12 <= 243
drivers/gpu/drm/drm_crtc.c:3031 drm_mode_connector_update_edid_property() error: potential null dereference 'connector->edid_blob_ptr'.  (drm_property_create_blob returns null)
drivers/gpu/drm/drm_drv.c:100:9: error: bad integer constant expression
drivers/gpu/drm/drm_drv.c:102:9: error: bad integer constant expression
drivers/gpu/drm/drm_drv.c:104:9: error: bad integer constant expression
drivers/gpu/drm/drm_drv.c:105:9: error: bad integer constant expression
drivers/gpu/drm/drm_drv.c:106:9: error: bad integer constant expression
drivers/gpu/drm/drm_drv.c:107:9: error: bad integer constant expression
drivers/gpu/drm/drm_drv.c:108:9: error: bad integer constant expression
drivers/gpu/drm/drm_drv.c:110:9: error: bad integer constant expression
drivers/gpu/drm/drm_drv.c:112:9: error: bad integer constant expression
drivers/gpu/drm/drm_drv.c:117:9: error: bad integer constant expression
drivers/gpu/drm/drm_drv.c:118:9: error: bad integer constant expression
drivers/gpu/drm/drm_drv.c:119:9: error: bad integer constant expression
drivers/gpu/drm/drm_drv.c:120:9: error: bad integer constant expression
drivers/gpu/drm/drm_drv.c:121:9: error: bad integer constant expression
drivers/gpu/drm/drm_drv.c:122:9: error: bad integer constant expression
drivers/gpu/drm/drm_drv.c:125:9: error: bad integer constant expression
drivers/gpu/drm/drm_drv.c:126:9: error: bad integer constant expression
drivers/gpu/drm/drm_drv.c:128:9: error: bad integer constant expression
drivers/gpu/drm/drm_drv.c:130:9: error: bad integer constant expression
drivers/gpu/drm/drm_drv.c:132:9: error: bad integer constant expression
drivers/gpu/drm/drm_drv.c:134:9: error: bad integer constant expression
drivers/gpu/drm/drm_drv.c:135:9: error: bad integer constant expression
drivers/gpu/drm/drm_drv.c:136:9: error: bad integer constant expression
drivers/gpu/drm/drm_drv.c:138:9: error: bad integer constant expression
drivers/gpu/drm/drm_drv.c:140:9: error: bad integer constant expression
drivers/gpu/drm/drm_drv.c:141:9: error: bad integer constant expression
drivers/gpu/drm/drm_drv.c:143:9: error: bad integer constant expression
drivers/gpu/drm/drm_drv.c:144:9: error: bad integer constant expression
drivers/gpu/drm/drm_drv.c:145:9: error: bad integer constant expression
drivers/gpu/drm/drm_drv.c:146:9: error: bad integer constant expression
drivers/gpu/drm/drm_drv.c:147:9: error: bad integer constant expression
drivers/gpu/drm/drm_drv.c:148:9: error: bad integer constant expression
drivers/gpu/drm/drm_drv.c:149:9: error: bad integer constant expression
drivers/gpu/drm/drm_drv.c:150:9: error: bad integer constant expression
drivers/gpu/drm/drm_drv.c:151:9: error: bad integer constant expression
drivers/gpu/drm/drm_drv.c:152:9: error: bad integer constant expression
drivers/gpu/drm/drm_drv.c:153:9: error: bad integer constant expression
drivers/gpu/drm/drm_drv.c:154:9: error: bad integer constant expression
drivers/gpu/drm/drm_drv.c:155:9: error: bad integer constant expression
drivers/gpu/drm/drm_drv.c:156:9: error: bad integer constant expression
drivers/gpu/drm/drm_drv.c:157:9: error: bad integer constant expression
drivers/gpu/drm/drm_drv.c:158:9: error: bad integer constant expression
drivers/gpu/drm/drm_drv.c:159:9: error: bad integer constant expression
drivers/gpu/drm/drm_drv.c:160:9: error: bad integer constant expression
drivers/gpu/drm/drm_drv.c:161:9: error: bad integer constant expression
drivers/gpu/drm/drm_drv.c:162:9: error: bad integer constant expression
drivers/gpu/drm/drm_drv.c:163:9: error: bad integer constant expression
drivers/gpu/drm/drm_drv.c:164:9: error: bad integer constant expression
drivers/gpu/drm/drm_drv.c:165:9: error: bad integer constant expression
drivers/gpu/drm/drm_drv.c:166:9: error: bad integer constant expression
drivers/gpu/drm/drm_drv.c:64:9: error: bad integer constant expression
drivers/gpu/drm/drm_drv.c:65:9: error: bad integer constant expression
drivers/gpu/drm/drm_drv.c:66:9: error: bad integer constant expression
drivers/gpu/drm/drm_drv.c:67:9: error: bad integer constant expression
drivers/gpu/drm/drm_drv.c:68:9: error: bad integer constant expression
drivers/gpu/drm/drm_drv.c:69:9: error: bad integer constant expression
drivers/gpu/drm/drm_drv.c:70:9: error: bad integer constant expression
drivers/gpu/drm/drm_drv.c:71:9: error: bad integer constant expression
drivers/gpu/drm/drm_drv.c:72:9: error: bad integer constant expression
drivers/gpu/drm/drm_drv.c:74:9: error: bad integer constant expression
drivers/gpu/drm/drm_drv.c:75:9: error: bad integer constant expression
drivers/gpu/drm/drm_drv.c:76:9: error: bad integer constant expression
drivers/gpu/drm/drm_drv.c:77:9: error: bad integer constant expression
drivers/gpu/drm/drm_drv.c:79:9: error: bad integer constant expression
drivers/gpu/drm/drm_drv.c:80:9: error: bad integer constant expression
drivers/gpu/drm/drm_drv.c:82:9: error: bad integer constant expression
drivers/gpu/drm/drm_drv.c:83:9: error: bad integer constant expression
drivers/gpu/drm/drm_drv.c:88:9: error: bad integer constant expression
drivers/gpu/drm/drm_drv.c:89:9: error: bad integer constant expression
drivers/gpu/drm/drm_drv.c:90:9: error: bad integer constant expression
drivers/gpu/drm/drm_drv.c:91:9: error: bad integer constant expression
drivers/gpu/drm/drm_drv.c:92:9: error: bad integer constant expression
drivers/gpu/drm/drm_drv.c:93:9: error: bad integer constant expression
drivers/gpu/drm/drm_drv.c:94:9: error: bad integer constant expression
drivers/gpu/drm/drm_drv.c:96:9: error: bad integer constant expression
drivers/gpu/drm/drm_drv.c:97:9: error: bad integer constant expression
drivers/gpu/drm/drm_drv.c:99:9: error: bad integer constant expression
drivers/gpu/drm/drm_fb_helper.c:1282 drm_setup_crtcs() error: potential null dereference 'modes'.  (kcalloc returns null)
drivers/gpu/drm/drm_fb_helper.c:1283 drm_setup_crtcs() error: potential null dereference 'crtcs'.  (kcalloc returns null)
drivers/gpu/drm/i915/intel_display.c:5789 ironlake_crtc_mode_set() error: potential NULL dereference 'has_edp_encoder'.
drivers/gpu/drm/i915/intel_sdvo.c:444:27: error: bad constant expression
drivers/gpu/drm/i915/intel_sdvo.c:444:27: error: bad constant expression
drivers/gpu/drm/i915/intel_sdvo.c:444:27: error: bad constant expression
drivers/gpu/drm/i915/intel_sdvo.c:444:27: error: bad constant expression
drivers/gpu/drm/i915/intel_sdvo.c:444:27: error: bad constant expression
drivers/gpu/drm/i915/intel_sdvo.c:445:38: error: bad constant expression
drivers/gpu/drm/i915/intel_sdvo.c:445:38: error: bad constant expression
drivers/gpu/drm/i915/intel_sdvo.c:445:38: error: bad constant expression
drivers/gpu/drm/i915/intel_sdvo.c:445:38: error: bad constant expression
drivers/gpu/drm/i915/intel_sdvo.c:445:38: error: bad constant expression
drivers/gpu/drm/i915/intel_sdvo.c:445:38: error: bad constant expression
drivers/gpu/drm/i915/intel_sdvo.c:445:38: error: bad constant expression
drivers/gpu/drm/i915/intel_sdvo.c:445:38: error: bad constant expression
drivers/gpu/drm/i915/intel_sdvo.c:445:38: error: bad constant expression
drivers/gpu/drm/i915/intel_sdvo.c:445:38: error: bad constant expression
drivers/gpu/drm/i915/intel_sdvo.c:445:38: error: bad constant expression
drivers/gpu/drm/i915/intel_sdvo.c:445:38: error: bad constant expression
drivers/gpu/drm/i915/intel_sdvo.c:445:38: error: bad constant expression
drivers/gpu/drm/i915/intel_sdvo.c:445:38: error: bad constant expression
drivers/gpu/drm/i915/intel_sdvo.c:445:38: error: bad constant expression
drivers/gpu/drm/i915/intel_sdvo.c:445:38: error: bad constant expression
drivers/gpu/drm/i915/intel_sdvo.c:445:38: error: bad constant expression
drivers/input/misc/uinput.c:645 uinput_ioctl_handler() error: we previously assumed 'udev->dev' could be null (see line 629)
drivers/input/touchscreen/atmel_mxt_ts.c:1181:26: error: bad constant expression
drivers/input/touchscreen/atmel_mxt_ts.c:1181:26: error: bad constant expression
drivers/input/touchscreen/atmel_mxt_ts.c:1181:26: error: bad constant expression
drivers/input/touchscreen/atmel_mxt_ts.c:1181:26: error: bad constant expression
drivers/input/touchscreen/atmel_mxt_ts.c:1181:26: error: bad constant expression
drivers/input/touchscreen/atmel_mxt_ts.c:1181:26: error: bad constant expression
drivers/input/touchscreen/atmel_mxt_ts.c:1181:26: error: bad constant expression
drivers/input/touchscreen/atmel_mxt_ts.c:1191:56: error: cannot size expression
drivers/input/touchscreen/atmel_mxt_ts.c:1199:57: error: cannot size expression
drivers/input/touchscreen/atmel_mxt_ts.c:680:16: error: bad constant expression
drivers/input/touchscreen/atmel_mxt_ts.c:680:16: error: bad constant expression
drivers/input/touchscreen/atmel_mxt_ts.c:680:16: error: bad constant expression
drivers/input/touchscreen/atmel_mxt_ts.c:680:16: error: bad constant expression
drivers/input/touchscreen/atmel_mxt_ts.c:839:37: error: bad constant expression
drivers/input/touchscreen/atmel_mxt_ts.c:839:37: error: bad constant expression
drivers/input/touchscreen/atmel_mxt_ts.c:839:37: error: bad constant expression
drivers/input/touchscreen/atmel_mxt_ts.c:839:37: error: bad constant expression
drivers/iommu/dmar.c:1062 dmar_get_fault_reason() error: buffer overflow 'intr_remap_fault_reasons' 7 <= 7
drivers/iommu/intel-iommu.c:1813 __domain_mapping() error: we previously assumed 'sg' could be null (see line 1802)
drivers/md/dm-crypt.c:540:47: error: bad constant expression
drivers/md/dm-stripe.c:309:33: error: bad constant expression
drivers/md/dm-stripe.c:309:33: error: bad constant expression
drivers/md/dm-stripe.c:309:33: error: bad constant expression
drivers/md/dm-stripe.c:309:33: error: bad constant expression
drivers/media/common/tuners/tda18271-fe.c:1270 tda18271_attach() error: potential null dereference 'priv'.  (kzalloc returns null)
drivers/media/common/tuners/tda9887.c:692 tda9887_attach() error: potential null dereference 'priv'.  (kzalloc returns null)
drivers/media/common/tuners/tuner-simple.c:1099 simple_tuner_attach() error: potential null dereference 'priv'.  (kzalloc returns null)
drivers/media/common/tuners/tuner-xc2028.c:1342 xc2028_attach() error: potential null dereference 'priv'.  (kzalloc returns null)
drivers/media/common/tuners/tuner-xc2028.c:540:53: error: bad constant expression
drivers/media/common/tuners/tuner-xc2028.c:540:53: error: bad constant expression
drivers/media/common/tuners/tuner-xc2028.c:540:53: error: bad constant expression
drivers/media/common/tuners/xc4000.c:1675 xc4000_attach() error: potential null dereference 'priv'.  (kzalloc returns null)
drivers/media/common/tuners/xc5000.c:1179 xc5000_attach() error: potential null dereference 'priv'.  (kzalloc returns null)
drivers/media/rc/lirc_dev.c:526 lirc_dev_fop_close() error: double unlock 'mutex:&lirc_dev_lock'
drivers/media/video/uvc/uvc_v4l2.c:721 uvc_v4l2_do_ioctl() error: doing dma on the stack ((null))
drivers/media/video/uvc/uvc_v4l2.c:748 uvc_v4l2_do_ioctl() error: doing dma on the stack ((null))
drivers/media/video/uvc/uvc_video.c:1771 uvc_video_init() error: potential NULL dereference 'format'.
drivers/media/video/uvc/uvc_video.c:1789 uvc_video_init() error: potential NULL dereference 'frame'.
drivers/media/video/v4l2-ioctl.c:205:9: error: bad integer constant expression
drivers/media/video/v4l2-ioctl.c:206:9: error: bad integer constant expression
drivers/media/video/v4l2-ioctl.c:207:9: error: bad integer constant expression
drivers/media/video/v4l2-ioctl.c:208:9: error: bad integer constant expression
drivers/media/video/v4l2-ioctl.c:209:9: error: bad integer constant expression
drivers/media/video/v4l2-ioctl.c:210:9: error: bad integer constant expression
drivers/media/video/v4l2-ioctl.c:211:9: error: bad integer constant expression
drivers/media/video/v4l2-ioctl.c:212:9: error: bad integer constant expression
drivers/media/video/v4l2-ioctl.c:213:9: error: bad integer constant expression
drivers/media/video/v4l2-ioctl.c:214:9: error: bad integer constant expression
drivers/media/video/v4l2-ioctl.c:215:9: error: bad integer constant expression
drivers/media/video/v4l2-ioctl.c:216:9: error: bad integer constant expression
drivers/media/video/v4l2-ioctl.c:217:9: error: bad integer constant expression
drivers/media/video/v4l2-ioctl.c:218:9: error: bad integer constant expression
drivers/media/video/v4l2-ioctl.c:219:9: error: bad integer constant expression
drivers/media/video/v4l2-ioctl.c:220:9: error: bad integer constant expression
drivers/media/video/v4l2-ioctl.c:221:9: error: bad integer constant expression
drivers/media/video/v4l2-ioctl.c:222:9: error: bad integer constant expression
drivers/media/video/v4l2-ioctl.c:223:9: error: bad integer constant expression
drivers/media/video/v4l2-ioctl.c:224:9: error: bad integer constant expression
drivers/media/video/v4l2-ioctl.c:225:9: error: bad integer constant expression
drivers/media/video/v4l2-ioctl.c:226:9: error: bad integer constant expression
drivers/media/video/v4l2-ioctl.c:227:9: error: bad integer constant expression
drivers/media/video/v4l2-ioctl.c:228:9: error: bad integer constant expression
drivers/media/video/v4l2-ioctl.c:229:9: error: bad integer constant expression
drivers/media/video/v4l2-ioctl.c:230:9: error: bad integer constant expression
drivers/media/video/v4l2-ioctl.c:231:9: error: bad integer constant expression
drivers/media/video/v4l2-ioctl.c:232:9: error: bad integer constant expression
drivers/media/video/v4l2-ioctl.c:233:9: error: bad integer constant expression
drivers/media/video/v4l2-ioctl.c:234:9: error: bad integer constant expression
drivers/media/video/v4l2-ioctl.c:235:9: error: bad integer constant expression
drivers/media/video/v4l2-ioctl.c:236:9: error: bad integer constant expression
drivers/media/video/v4l2-ioctl.c:237:9: error: bad integer constant expression
drivers/media/video/v4l2-ioctl.c:238:9: error: bad integer constant expression
drivers/media/video/v4l2-ioctl.c:239:9: error: bad integer constant expression
drivers/media/video/v4l2-ioctl.c:240:9: error: bad integer constant expression
drivers/media/video/v4l2-ioctl.c:241:9: error: bad integer constant expression
drivers/media/video/v4l2-ioctl.c:242:9: error: bad integer constant expression
drivers/media/video/v4l2-ioctl.c:243:9: error: bad integer constant expression
drivers/media/video/v4l2-ioctl.c:244:9: error: bad integer constant expression
drivers/media/video/v4l2-ioctl.c:245:9: error: bad integer constant expression
drivers/media/video/v4l2-ioctl.c:246:9: error: bad integer constant expression
drivers/media/video/v4l2-ioctl.c:247:9: error: bad integer constant expression
drivers/media/video/v4l2-ioctl.c:248:9: error: bad integer constant expression
drivers/media/video/v4l2-ioctl.c:249:9: error: bad integer constant expression
drivers/media/video/v4l2-ioctl.c:250:9: error: bad integer constant expression
drivers/media/video/v4l2-ioctl.c:251:9: error: bad integer constant expression
drivers/media/video/v4l2-ioctl.c:252:9: error: bad integer constant expression
drivers/media/video/v4l2-ioctl.c:253:9: error: bad integer constant expression
drivers/media/video/v4l2-ioctl.c:254:9: error: bad integer constant expression
drivers/media/video/v4l2-ioctl.c:255:9: error: bad integer constant expression
drivers/media/video/v4l2-ioctl.c:256:9: error: bad integer constant expression
drivers/media/video/v4l2-ioctl.c:257:9: error: bad integer constant expression
drivers/media/video/v4l2-ioctl.c:259:9: error: bad integer constant expression
drivers/media/video/v4l2-ioctl.c:260:9: error: bad integer constant expression
drivers/media/video/v4l2-ioctl.c:261:9: error: bad integer constant expression
drivers/media/video/v4l2-ioctl.c:262:9: error: bad integer constant expression
drivers/media/video/v4l2-ioctl.c:263:9: error: bad integer constant expression
drivers/media/video/v4l2-ioctl.c:264:9: error: bad integer constant expression
drivers/media/video/v4l2-ioctl.c:265:9: error: bad integer constant expression
drivers/media/video/v4l2-ioctl.c:266:9: error: bad integer constant expression
drivers/media/video/v4l2-ioctl.c:267:9: error: bad integer constant expression
drivers/media/video/v4l2-ioctl.c:268:9: error: bad integer constant expression
drivers/media/video/v4l2-ioctl.c:273:9: error: bad integer constant expression
drivers/media/video/v4l2-ioctl.c:274:9: error: bad integer constant expression
drivers/media/video/v4l2-ioctl.c:275:9: error: bad integer constant expression
drivers/media/video/v4l2-ioctl.c:276:9: error: bad integer constant expression
drivers/media/video/v4l2-ioctl.c:277:9: error: bad integer constant expression
drivers/media/video/v4l2-ioctl.c:278:9: error: bad integer constant expression
drivers/media/video/v4l2-ioctl.c:279:9: error: bad integer constant expression
drivers/media/video/v4l2-ioctl.c:280:9: error: bad integer constant expression
drivers/media/video/v4l2-ioctl.c:281:9: error: bad integer constant expression
drivers/media/video/v4l2-ioctl.c:282:9: error: bad integer constant expression
drivers/media/video/v4l2-ioctl.c:283:9: error: bad integer constant expression
drivers/media/video/v4l2-ioctl.c:284:9: error: bad integer constant expression
drivers/media/video/v4l2-ioctl.c:285:9: error: bad integer constant expression
drivers/media/video/v4l2-ioctl.c:336:9: error: cannot size expression
drivers/media/video/v4l2-ioctl.c:336:9: error: cannot size expression
drivers/media/video/v4l2-ioctl.c:336:9: error: cannot size expression
drivers/media/video/v4l2-ioctl.c:336:9: error: cannot size expression
drivers/media/video/v4l2-ioctl.c:336:9: error: cannot size expression
drivers/media/video/v4l2-ioctl.c:336:9: error: cannot size expression
drivers/media/video/v4l2-ioctl.c:336:9: error: cannot size expression
drivers/media/video/v4l2-ioctl.c:336:9: error: cannot size expression
drivers/media/video/v4l2-ioctl.c:336:9: error: cannot size expression
drivers/media/video/v4l2-ioctl.c:596 __video_do_ioctl() error: potential NULL dereference 'vfh'.
drivers/media/video/v4l2-ioctl.c:654:17: error: cannot size expression
drivers/media/video/v4l2-ioctl.c:654:17: error: cannot size expression
drivers/media/video/v4l2-ioctl.c:654:17: error: cannot size expression
drivers/media/video/v4l2-ioctl.c:654:17: error: cannot size expression
drivers/media/video/v4l2-ioctl.c:654:17: error: cannot size expression
drivers/media/video/v4l2-ioctl.c:654:17: error: cannot size expression
drivers/media/video/v4l2-ioctl.c:654:17: error: cannot size expression
drivers/media/video/v4l2-ioctl.c:654:17: error: cannot size expression
drivers/media/video/v4l2-ioctl.c:654:17: error: cannot size expression
drivers/media/video/v4l2-ioctl.c:727:17: error: cannot size expression
drivers/media/video/v4l2-ioctl.c:727:17: error: cannot size expression
drivers/media/video/v4l2-ioctl.c:727:17: error: cannot size expression
drivers/media/video/v4l2-ioctl.c:727:17: error: cannot size expression
drivers/media/video/v4l2-ioctl.c:727:17: error: cannot size expression
drivers/media/video/v4l2-ioctl.c:727:17: error: cannot size expression
drivers/media/video/v4l2-ioctl.c:727:17: error: cannot size expression
drivers/media/video/v4l2-ioctl.c:727:17: error: too many errors
drivers/net/ethernet/broadcom/tg3.c:9883:38: error: bad constant expression
drivers/net/ethernet/broadcom/tg3.c:9883:38: error: bad constant expression
drivers/net/ethernet/broadcom/tg3.c:9883:38: error: bad constant expression
drivers/net/ethernet/broadcom/tg3.c:9883:38: error: bad constant expression
drivers/net/ethernet/intel/e1000/e1000_ethtool.c:1801 e1000_get_ethtool_stats() error: potential NULL dereference 'p'.
drivers/net/ethernet/intel/e1000/e1000_main.c:3022 e1000_tx_queue() error: potential NULL dereference 'tx_desc'.
drivers/net/ethernet/intel/igbvf/netdev.c:2167 igbvf_tx_queue_adv() error: potential NULL dereference 'tx_desc'.
drivers/net/usb/pegasus.c:1253 setup_pegasus_II() error: doing dma on the stack ((null))
drivers/net/usb/pegasus.c:337 read_mii_word() error: doing dma on the stack (data)
drivers/net/usb/pegasus.c:340 read_mii_word() error: doing dma on the stack (data)
drivers/net/usb/pegasus.c:350 read_mii_word() error: doing dma on the stack ((null))
drivers/net/usb/pegasus.c:378 write_mii_word() error: doing dma on the stack (data)
drivers/net/usb/pegasus.c:381 write_mii_word() error: doing dma on the stack (data)
drivers/net/usb/pegasus.c:417 read_eprom_word() error: doing dma on the stack ((null))
drivers/net/usb/pegasus.c:426 read_eprom_word() error: doing dma on the stack ((null))
drivers/net/usb/pegasus.c:503 set_ethernet_addr() error: doing dma on the stack (node_id)
drivers/net/usb/pegasus.c:506 set_ethernet_addr() error: doing dma on the stack (node_id)
drivers/net/usb/pegasus.c:518 reset_mac() error: doing dma on the stack ((null))
drivers/net/usb/pegasus.c:567 enable_net_traffic() error: doing dma on the stack (data)
drivers/net/usb/pegasus.c:924 disable_net_traffic() error: doing dma on the stack ((null))
drivers/net/usb/rndis_host.c:141 rndis_command() error: doing dma on the stack ((null))
drivers/net/usb/rtl8150.c:223 read_mii_word() error: doing dma on the stack (data)
drivers/net/usb/rtl8150.c:224 read_mii_word() error: doing dma on the stack ((null))
drivers/net/usb/rtl8150.c:226 read_mii_word() error: doing dma on the stack (data)
drivers/net/usb/rtl8150.c:230 read_mii_word() error: doing dma on the stack (data)
drivers/net/usb/rtl8150.c:248 write_mii_word() error: doing dma on the stack (data)
drivers/net/usb/rtl8150.c:249 write_mii_word() error: doing dma on the stack ((null))
drivers/net/usb/rtl8150.c:251 write_mii_word() error: doing dma on the stack (data)
drivers/net/usb/rtl8150.c:264 set_ethernet_addr() error: doing dma on the stack (node_id)
drivers/net/usb/rtl8150.c:308 rtl8150_reset() error: doing dma on the stack ((null))
drivers/net/usb/rtl8150.c:310 rtl8150_reset() error: doing dma on the stack ((null))
drivers/net/usb/rtl8150.c:636 enable_net_traffic() error: doing dma on the stack ((null))
drivers/net/usb/rtl8150.c:637 enable_net_traffic() error: doing dma on the stack ((null))
drivers/net/usb/rtl8150.c:638 enable_net_traffic() error: doing dma on the stack ((null))
drivers/net/usb/rtl8150.c:639 enable_net_traffic() error: doing dma on the stack ((null))
drivers/net/usb/rtl8150.c:648 disable_net_traffic() error: doing dma on the stack ((null))
drivers/net/usb/rtl8150.c:650 disable_net_traffic() error: doing dma on the stack ((null))
drivers/net/usb/rtl8150.c:717 set_carrier() error: doing dma on the stack ((null))
drivers/net/usb/rtl8150.c:797 rtl8150_get_settings() error: doing dma on the stack ((null))
drivers/net/usb/rtl8150.c:798 rtl8150_get_settings() error: doing dma on the stack ((null))
drivers/net/usb/usbnet.c:1112 usbnet_start_xmit() error: we previously assumed 'skb' could be null (see line 1095)
drivers/net/wireless/ath/ath5k/phy.c:966 ath5k_hw_rfregs_init() error: potential NULL dereference 'go'.
drivers/net/wireless/ath/ath9k/ar9003_phy.c:212 ar9003_hw_spur_mitigate_mrc_cck() error: potential NULL dereference 'spur_fbin_ptr'.
drivers/net/wireless/ath/ath9k/btcoex.c:93 ath9k_hw_init_btcoex_hw() error: buffer overflow 'ah->hw_gen_timers.gen_timer_index' 32 <= 2009813776
drivers/net/wireless/ath/ath9k_btcoex/btcoex.c:93 ath9k_btcoex_ath9k_hw_init_btcoex_hw() error: buffer overflow 'ah->hw_gen_timers.gen_timer_index' 32 <= 2009813776
drivers/net/wireless/hostap/hostap_ioctl.c:189 prism2_ioctl_siwencode() error: we previously assumed '(*crypt)->ops' could be null (see line 151)
drivers/net/wireless/hostap/hostap_main.c:394 hostap_set_encryption() error: testing array offset 'idx' after use.
drivers/net/wireless/rt2x00/rt2x00firmware.c:115 rt2x00lib_load_firmware() error: we previously assumed 'rt2x00dev->fw' could be null (see line 105)
drivers/net/wireless/rtlwifi/cam.c:331 rtl_cam_del_entry() error: we previously assumed 'sta_addr' could be null (see line 327)
drivers/net/wireless/rtlwifi/efuse.c:358 read_efuse() error: potential null dereference 'efuse_word'.  (kmalloc returns null)
drivers/net/wireless/rtlwifi/efuse.c:358 read_efuse() error: we previously assumed 'efuse_word' could be null (see line 266)
drivers/net/wireless/rtlwifi/rtl8192c/phy_common.c:804 _rtl92c_phy_sw_chnl_step_by_step() error: potential NULL dereference 'currentcmd'.
drivers/pci/hotplug/pci_hotplug_core.c:467 __pci_hp_register() error: potential null dereference 'pci_slot'.  (pci_create_slot returns null)
drivers/scsi/scsi_lib.c:2040 scsi_test_unit_ready() error: potential null dereference 'sshdr'.  (kzalloc returns null)
drivers/scsi/scsi_sysfs.c:251 check_reset_type() error: strncmp() '"adapter"' too small (8 vs 10)
drivers/scsi/scsi_sysfs.c:253 check_reset_type() error: strncmp() '"firmware"' too small (9 vs 10)
drivers/scsi/scsi_sysfs.c:86 check_set() error: strncmp() '"-"' too small (2 vs 20)
drivers/spi/spi.c:1433 spi_write_then_read() error: double unlock 'mutex:&lock'
drivers/staging/iio/industrialio-core.c:598 iio_device_add_channel_sysfs() error: buffer overflow 'iio_chan_info_postfix' 10 <= 15
drivers/staging/iio/industrialio-event.c:271 iio_device_add_event_sysfs() error: buffer overflow 'iio_ev_type_text' 5 <= 7
drivers/staging/iio/industrialio-event.c:272 iio_device_add_event_sysfs() error: buffer overflow 'iio_ev_dir_text' 3 <= 3
drivers/staging/iio/industrialio-event.c:309 iio_device_add_event_sysfs() error: buffer overflow 'iio_ev_type_text' 5 <= 7
drivers/staging/iio/industrialio-event.c:310 iio_device_add_event_sysfs() error: buffer overflow 'iio_ev_dir_text' 3 <= 3
drivers/staging/iio/inkern.c:217 iio_st_channel_get_all() error: double unlock 'mutex:&iio_map_list_lock'
drivers/staging/zsmalloc/zsmalloc-main.c:386 alloc_zspage() error: potential NULL dereference 'first_page'.
drivers/staging/zsmalloc/zsmalloc-main.c:390 alloc_zspage() error: potentially derefencing uninitialized 'prev_page'.
drivers/thermal/thermal_sys.c:580 thermal_add_hwmon_sysfs() error: snprintf() 'temp->temp_input.name' too small (16 vs 20)
drivers/thermal/thermal_sys.c:580 thermal_add_hwmon_sysfs() error: snprintf() is printing too much 20 vs 16
drivers/thermal/thermal_sys.c:593 thermal_add_hwmon_sysfs() error: snprintf() 'temp->temp_crit.name' too small (16 vs 20)
drivers/thermal/thermal_sys.c:593 thermal_add_hwmon_sysfs() error: snprintf() is printing too much 20 vs 16
drivers/tty/sysrq.c:133 sysrq_handle_crash() error: potential NULL dereference 'killer'.
drivers/tty/tty_io.c:1719 tty_release() error: we previously assumed 'o_tty' could be null (see line 1679)
drivers/tty/tty_ldisc.c:480 tty_ldisc_restore() error: 'old' dereferencing possible ERR_PTR()
drivers/tty/vt/vt.c:2922 con_init() error: potential null dereference 'vc'.  (kzalloc returns null)
drivers/usb/core/driver.c:1211 usb_suspend_both() error: we previously assumed 'udev->actconfig' could be null (see line 1181)
drivers/usb/host/ehci-pci.c:474 ehci_update_device() error: we previously assumed 'udev->parent' could be null (see line 471)
drivers/usb/host/uhci-q.c:1347 uhci_submit_isochronous() error: potential NULL dereference 'td'.
drivers/usb/host/xhci-mem.c:827 xhci_free_tt_info() error: potentially derefencing uninitialized 'tt_info'.
drivers/usb/serial/usb-serial.c:111 get_free_serial() error: buffer overflow 'serial_table' 254 <= 254
drivers/video/fbmem.c:1640 do_register_framebuffer() error: buffer overflow 'registered_fb' 32 <= 32
drivers/video/fbmon.c:973 fb_edid_to_monspecs() error: potential null dereference 'specs->modedb'.  (fb_create_modedb returns null)
fs/ecryptfs/keystore.c:1904 ecryptfs_parse_packet_set() error: potentially derefencing uninitialized 'candidate_auth_tok'.
fs/ecryptfs/keystore.c:1905 ecryptfs_parse_packet_set() error: potentially derefencing uninitialized 'matching_auth_tok'.
fs/ecryptfs/keystore.c:1908 ecryptfs_parse_packet_set() error: potential NULL dereference 'auth_tok_key'.
fs/ext2/inode.c:672 ext2_get_blocks() error: we previously assumed 'partial' could be null (see line 624)
fs/ext3/inode.c:933 ext3_get_blocks_handle() error: we previously assumed 'partial' could be null (see line 879)
fs/hfsplus/unicode.c:440 hfsplus_compare_dentry() error: potential NULL dereference 'dstr2'.
fs/inode.c:1298 insert_inode_locked() error: double unlock 'spin_lock:&old->i_lock'
fs/inode.c:1342 insert_inode_locked4() error: double unlock 'spin_lock:&old->i_lock'
fs/isofs/compress.c:307:28: error: bad constant expression
fs/isofs/compress.c:307:28: error: bad constant expression
fs/isofs/compress.c:307:28: error: bad constant expression
fs/isofs/compress.c:307:28: error: bad constant expression
fs/isofs/compress.c:307:28: error: bad constant expression
fs/isofs/compress.c:307:28: error: bad constant expression
fs/isofs/compress.c:307:28: error: bad constant expression
fs/isofs/compress.c:307:28: error: bad constant expression
fs/isofs/compress.c:307:28: error: bad constant expression
fs/isofs/compress.c:307:28: error: bad constant expression
fs/isofs/compress.c:307:28: error: bad constant expression
fs/isofs/compress.c:61:44: error: bad constant expression
fs/isofs/compress.c:61:44: error: bad constant expression
fs/isofs/compress.c:61:44: error: bad constant expression
fs/isofs/compress.c:61:44: error: bad constant expression
fs/isofs/compress.c:61:44: error: bad constant expression
fs/isofs/compress.c:61:44: error: bad constant expression
fs/isofs/compress.c:61:44: error: bad constant expression
fs/isofs/compress.c:61:44: error: bad constant expression
fs/jbd/checkpoint.c:252 __wait_cp_io() error:  locking inconsistency.  We assume 'spin_lock:&journal->j_list_lock' is both locked and unlocked at the start.
fs/jbd/checkpoint.c:427 log_do_checkpoint() error: double lock 'spin_lock:&journal->j_list_lock'
fs/jbd/commit.c:221 journal_submit_data_buffers() error: double lock 'spin_lock:&journal->j_list_lock'
fs/jbd/commit.c:455 journal_commit_transaction() error: double lock 'spin_lock:&journal->j_list_lock'
fs/jbd2/checkpoint.c:398 jbd2_log_do_checkpoint() error: double lock 'spin_lock:&journal->j_list_lock'
fs/mbcache.c:532 __mb_cache_entry_find() error: double lock 'spin_lock:&mb_cache_spinlock'
fs/namespace.c:1266 copy_tree() error: 'q' dereferencing possible ERR_PTR()
fs/namespace.c:1290 copy_tree() error: 'q' dereferencing possible ERR_PTR()
fs/namespace.c:1314 collect_mounts() error: 'tree' dereferencing possible ERR_PTR()
fs/namespace.c:2254 dup_mnt_ns() error: 'new' dereferencing possible ERR_PTR()
fs/notify/fsnotify.c:266 fsnotify() error: potential NULL dereference 'mnt'.
fs/notify/fsnotify.c:282 fsnotify() error: potential NULL dereference 'vfsmount_node'.
fs/pnode.c:248 propagate_mnt() error: 'child' dereferencing possible ERR_PTR()
fs/pnode.c:254 propagate_mnt() error: 'child' dereferencing possible ERR_PTR()
fs/proc/root.c:134 proc_mount() error: we previously assumed 'sb->s_root' could be null (see line 123)
fs/pstore/platform.c:154 pstore_dump() error: double unlock 'spin_lock:&psinfo->buf_lock'
fs/udf/namei.c:208 udf_find_entry() error: potential NULL dereference 'fibh->ebh'.
include/net/dst.h:182 dst_metric() error: potentially derefencing uninitialized '__warned'.
include/trace/events/kmem.h:11:1: error: too long token expansion
include/trace/events/kmem.h:194:1: error: too long token expansion
include/trace/events/kmem.h:194:1: error: too long token expansion
include/trace/events/kmem.h:61:1: error: too long token expansion
include/trace/events/scsi.h:201:1: error: too long token expansion
include/trace/events/scsi.h:201:1: error: too long token expansion
include/trace/events/scsi.h:243:1: error: too long token expansion
include/trace/events/scsi.h:243:1: error: too long token expansion
include/trace/events/scsi.h:288:1: error: too long token expansion
include/trace/events/vmscan.h:182:1: error: too long token expansion
include/trace/events/vmscan.h:182:1: error: too long token expansion
include/trace/events/vmscan.h:99:1: error: too long token expansion
ipc/sem.c:1355 sys_semtimedop() error: copy_from_user() 'sops' too small (384 vs 390)
ipc/sem.c:1355 sys_semtimedop() error: copy_from_user() 'sops' too small (384 vs 390)
ipc/sem.c:960 semctl_main() error: copy_from_user() 'sem_io' too small (512 vs 514)
ipc/sem.c:960 semctl_main() error: copy_from_user() 'sem_io' too small (512 vs 514)
kernel/futex.c:1416 futex_requeue() error: potential NULL dereference 'pi_state'.
kernel/rcutree.c:1452 rcu_cleanup_dead_cpu() error: double unlock 'spin_lock:&rnp->lock'
kernel/rcutree.c:1648 force_qs_rnp() error: double lock 'irqsave:flags'
kernel/rcutree.c:1648 force_qs_rnp() error: double lock 'spin_lock:&rnp->lock'
kernel/sched/core.c:6153 build_sched_groups() error: potential NULL dereference 'last'.
kernel/sched/core.c:6483 build_sched_domains() error: potential NULL dereference 'sd'.
kernel/trace/blktrace.c:1724 sysfs_blk_trace_attr_store() error: we previously assumed 'q->blk_trace' could be null (see line 1719)
kernel/trace/trace_entries.h:127 ____ftrace_check_context_switch() error: potential NULL dereference '__entry'.
kernel/trace/trace_entries.h:147 ____ftrace_check_wakeup() error: potential NULL dereference '__entry'.
kernel/trace/trace_entries.h:175 ____ftrace_check_kernel_stack() error: potential NULL dereference '__entry'.
kernel/trace/trace_entries.h:194 ____ftrace_check_user_stack() error: potential NULL dereference '__entry'.
kernel/trace/trace_entries.h:216 ____ftrace_check_bprint() error: potential NULL dereference '__entry'.
kernel/trace/trace_entries.h:232 ____ftrace_check_print() error: potential NULL dereference '__entry'.
kernel/trace/trace_entries.h:247 ____ftrace_check_mmiotrace_rw() error: potential NULL dereference '__entry'.
kernel/trace/trace_entries.h:268 ____ftrace_check_mmiotrace_map() error: potential NULL dereference '__entry'.
kernel/trace/trace_entries.h:292 ____ftrace_check_branch() error: potential NULL dereference '__entry'.
kernel/trace/trace_entries.h:58 ____ftrace_check_function() error: potential NULL dereference '__entry'.
kernel/trace/trace_entries.h:75 ____ftrace_check_funcgraph_entry() error: potential NULL dereference '__entry'.
kernel/trace/trace_entries.h:91 ____ftrace_check_funcgraph_exit() error: potential NULL dereference '__entry'.
kernel/trace/trace_output.c:1017 trace_ctxwake_raw() error: potentially derefencing uninitialized 'field'.
kernel/trace/trace_output.c:1054 trace_ctxwake_hex() error: potentially derefencing uninitialized 'field'.
kernel/trace/trace_output.c:1088 trace_ctxwake_bin() error: potentially derefencing uninitialized 'field'.
kernel/trace/trace_output.c:1138 trace_stack_print() error: potentially derefencing uninitialized 'field'.
kernel/trace/trace_output.c:1204 trace_bprint_print() error: potentially derefencing uninitialized 'field'.
kernel/trace/trace_output.c:1229 trace_bprint_raw() error: potentially derefencing uninitialized 'field'.
kernel/trace/trace_output.c:1260 trace_print_print() error: potentially derefencing uninitialized 'field'.
kernel/trace/trace_output.c:1279 trace_print_raw() error: potentially derefencing uninitialized 'field'.
kernel/trace/trace_output.c:49 trace_print_bprintk_msg_only() error: potentially derefencing uninitialized 'field'.
kernel/trace/trace_output.c:65 trace_print_printk_msg_only() error: potentially derefencing uninitialized 'field'.
kernel/trace/trace_output.c:894 trace_fn_trace() error: potentially derefencing uninitialized 'field'.
kernel/trace/trace_output.c:922 trace_fn_raw() error: potentially derefencing uninitialized 'field'.
kernel/trace/trace_output.c:937 trace_fn_hex() error: potentially derefencing uninitialized 'field'.
kernel/trace/trace_output.c:951 trace_fn_bin() error: potentially derefencing uninitialized 'field'.
kernel/trace/trace_output.c:980 trace_ctxwake_print() error: potentially derefencing uninitialized 'field'.
lib/libcrc32c.c:46:47: error: bad constant expression
lib/rbtree.c:166 __rb_erase_color() error: we previously assumed 'other->rb_left' could be null (see line 155)
lib/vsprintf.c:502:18: error: bad constant expression
lib/vsprintf.c:502:18: error: bad constant expression
lib/vsprintf.c:505:38: error: cannot size expression
lib/vsprintf.c:505:38: error: cannot size expression
lib/xz/xz_dec_lzma2.c:789 lzma_reset() error: buffer overflow 'probs' 16 <= 14133
lib/zlib_inflate/inftrees.c:240 zlib_inflate_table() error: buffer overflow 'count' 16 <= 16
lib/zlib_inflate/inftrees.c:240 zlib_inflate_table() error: buffer overflow 'count' 16 <= 16
lib/zlib_inflate/inftrees.c:258 zlib_inflate_table() error: buffer overflow 'count' 16 <= 16
mm/memblock.c:692 __next_mem_pfn_range() error: potentially derefencing uninitialized 'r'.
mm/memory.c:2619 do_wp_page() error: double unlock 'spin_lock:ptl'
mm/memory.c:2665 do_wp_page() error: double unlock 'spin_lock:ptl'
mm/memory.c:2688 do_wp_page() error: double lock 'spin_lock:__ptl'
mm/memory.c:2750 do_wp_page() error: double unlock 'spin_lock:ptl'
mm/mlock.c:447 do_mlock_pages() error: potential NULL dereference 'vma'.
mm/rmap.c:654 __page_check_address() error: potential NULL dereference 'pte'.
mm/shmem.c:1874 shmem_xattr_set() error: potential NULL dereference 'new_xattr'.
mm/swap.c:218 pagevec_lru_move_fn() error: calling 'spin_unlock_irqrestore()' with bogus flags
mm/vmalloc.c:1188 vmalloc_init() error: potential null dereference 'va'.  (kzalloc returns null)
net/core/net-sysfs.c:1155 store_xps_map() error: potential NULL dereference 'map'.
net/core/net-sysfs.c:1155 store_xps_map() error: we previously assumed 'map' could be null (see line 1125)
net/core/rtnetlink.c:1751:41: error: bad constant expression
net/core/rtnetlink.c:1751:41: error: bad constant expression
net/core/skbuff.c:2743 skb_segment() error: potential NULL dereference 'tail'.
net/core/skbuff.c:728 skb_copy_ubufs() error: potential NULL dereference 'head'.
net/ipv4/fib_trie.c:1127 fib_insert_node() error: potential NULL dereference 'tp'.
net/ipv4/fib_trie.c:961 insert_leaf_info() error: potential NULL dereference 'li'.
net/ipv4/igmp.c:2175 ip_mc_msfget() error: we previously assumed 'psl' could be null (see line 2161)
net/ipv4/igmp.c:2227 ip_mc_gsfget() error: we previously assumed 'psl' could be null (see line 2214)
net/ipv4/netfilter/ip_tables.c:67:16: error: bad constant expression
net/ipv4/netfilter/ip_tables.c:67:16: error: bad constant expression
net/ipv4/tcp_ipv4.c:2093 listening_get_next() error:  locking inconsistency.  We assume 'bottom_half:' is both locked and unlocked at the start.
net/ipv4/tcp_ipv4.c:2093 listening_get_next() error:  locking inconsistency.  We assume 'read_lock:&icsk->icsk_accept_queue.syn_wait_lock' is both locked and unlocked at the start.
net/ipv6/addrconf.c:809 ipv6_del_addr() error: potential NULL dereference 'rt'.
net/ipv6/addrlabel.c:273 __ip6addrlbl_add() error: potential NULL dereference 'p'.
net/ipv6/mcast.c:1217 igmp6_event_query() error: potential NULL dereference 'mlh2'.
net/ipv6/mcast.c:598 ip6_mc_msfget() error: we previously assumed 'psl' could be null (see line 577)
net/ipv6/netfilter/ip6_tables.c:68:16: error: bad constant expression
net/ipv6/netfilter/ip6_tables.c:68:16: error: bad constant expression
net/ipv6/xfrm6_state.c:64:19: error: bad constant expression
net/ipv6/xfrm6_state.c:64:19: error: bad constant expression
net/ipv6/xfrm6_state.c:64:19: error: bad constant expression
net/ipv6/xfrm6_state.c:64:19: error: bad constant expression
net/ipv6/xfrm6_state.c:64:19: error: bad constant expression
net/ipv6/xfrm6_state.c:64:19: error: bad constant expression
net/ipv6/xfrm6_state.c:66:9: error: cannot size expression
net/key/af_key.c:948 __pfkey_xfrm_state2msg() error: we previously assumed 'x->ealg' could be null (see line 823)
net/mac80211/cfg.c:145 ieee80211_add_key() error: potential null dereference 'key'.  (ieee80211_key_alloc returns null)
net/mac80211/key.c:286 __ieee80211_key_replace() error: we previously assumed 'new' could be null (see line 277)
net/netfilter/nfnetlink.c:166:61: error: bad constant expression
net/netfilter/nfnetlink_log.c:467 __build_packet_message() error: we previously assumed 'skb->dev' could be null (see line 456)
net/netlink/genetlink.c:990 genlmsg_mcast() error: potential NULL dereference 'prev'.
net/socket.c:1968 __sys_sendmsg() error: copy_from_user() 'ctl_buf' too small (32 vs 2147483647)
net/socket.c:1968 __sys_sendmsg() error: copy_from_user() 'ctl_buf' too small (32 vs 2147483647)
net/socket.c:2005 __sys_sendmsg() error: sock_kfree_s() 'ctl_buf' too small (32 vs 2147483647)
net/unix/af_unix.c:908 unix_bind() error: potential NULL dereference 'dentry'.
net/wireless/nl80211.c:3838 nl80211_trigger_scan() error: we previously assumed 'request->ssids' could be null (see line 3776)
net/wireless/nl80211.c:4064 nl80211_start_sched_scan() error: we previously assumed 'request->ssids' could be null (see line 3989)
net/wireless/reg.c:2192 __set_regdom() error: we previously assumed 'request_wiphy' could be null (see line 2141)
net/xfrm/xfrm_policy.c:1435 xfrm_bundle_create() error: 'xdst' dereferencing possible ERR_PTR()
net/xfrm/xfrm_policy.c:1493 xfrm_bundle_create() error: potential NULL dereference 'dst_prev'.
net/xfrm/xfrm_policy.c:1494 xfrm_bundle_create() error: potential NULL dereference 'dst0'.
sound/core/pcm_native.c:172:37: error: bad constant expression
sound/core/pcm_native.c:172:37: error: bad constant expression
sound/core/pcm_native.c:172:37: error: bad constant expression
sound/core/pcm_native.c:172:37: error: bad constant expression
sound/core/seq/seq_midi.c:367 snd_seq_midisynth_register_port() error: snprintf() chops off the last chars of 'info->name': 80 vs 64
sound/core/seq/seq_prioq.c:309 snd_seq_prioq_leave() error: potential NULL dereference 'prev'.
sound/core/seq/seq_prioq.c:319 snd_seq_prioq_leave() error: potential NULL dereference 'freeprev'.
sound/core/seq/seq_prioq.c:422 snd_seq_prioq_remove_events() error: potential NULL dereference 'prev'.
sound/core/seq/seq_prioq.c:434 snd_seq_prioq_remove_events() error: potential NULL dereference 'freeprev'.
sound/pci/hda/hda_proc.c:441:18: error: bad integer constant expression
sound/pci/hda/hda_proc.c:442:18: error: bad integer constant expression
sound/pci/hda/hda_proc.c:443:18: error: bad integer constant expression
sound/pci/hda/hda_proc.c:444:18: error: bad integer constant expression
sound/pci/hda/hda_proc.c:445:18: error: bad integer constant expression
sound/pci/hda/hda_proc.c:446:18: error: bad integer constant expression
sound/pci/hda/hda_proc.c:447:18: error: bad integer constant expression
sound/pci/hda/hda_proc.c:448:18: error: bad integer constant expression
sound/pci/hda/patch_hdmi.c:908 hdmi_pcm_open() error: potential NULL dereference 'per_cvt'.
sound/pci/hda/patch_realtek.c:2440 alc_build_pcms() error: we previously assumed 'spec->adc_nids' could be null (see line 2355)
sound/usb/midi.c:2135 snd_usbmidi_create() error: we previously assumed 'quirk' could be null (see line 2124)
sound/usb/mixer_quirks.c:375 snd_nativeinstruments_control_get() error: doing dma on the stack ((null))
